-------------------------------------------------------------------------------
Test set: com.mycompany.coche2.OperacionesTest
-------------------------------------------------------------------------------
Tests run: 1, Failures: 1, Errors: 0, Skipped: 0, Time elapsed: 0.066 s <<< FAILURE! - in com.mycompany.coche2.OperacionesTest
testGetN1  Time elapsed: 0.037 s  <<< FAILURE!
org.opentest4j.AssertionFailedError: The test case is a prototype.
	at com.mycompany.coche2.OperacionesTest.testGetN1(OperacionesTest.java:50)

