<?xml version="1.0" encoding="UTF-8"?>
<testsuite xmlns:xsi="http://www.w3.org/2001/XMLSchema-instance" xsi:noNamespaceSchemaLocation="https://maven.apache.org/surefire/maven-surefire-plugin/xsd/surefire-test-report.xsd" name="com.mycompany.coche2.TelegramaTest" time="0.031" tests="7" errors="7" skipped="0" failures="0">
  <properties>
[...]
</properties>
  <testcase name="testGetNumPalabras" classname="com.mycompany.coche2.TelegramaTest" time="0.002">
    <error message="Cannot invoke &quot;com.mycompany.coche2.Telegrama.getNumPalabras()&quot; because &quot;instance&quot; is null" type="java.lang.NullPointerException">java.lang.NullPointerException: Cannot invoke "com.mycompany.coche2.Telegrama.getNumPalabras()" because "instance" is null
	at com.mycompany.coche2.TelegramaTest.testGetNumPalabras(TelegramaTest.java:47)
</error>
    <system-out><![CDATA[getNumPalabras
]]></system-out>
  </testcase>
  <testcase name="testGetCosto" classname="com.mycompany.coche2.TelegramaTest" time="0.002">
    <error message="Cannot invoke &quot;com.mycompany.coche2.Telegrama.getCosto()&quot; because &quot;instance&quot; is null" type="java.lang.NullPointerException">java.lang.NullPointerException: Cannot invoke "com.mycompany.coche2.Telegrama.getCosto()" because "instance" is null
	at com.mycompany.coche2.TelegramaTest.testGetCosto(TelegramaTest.java:101)
</error>
    <system-out><![CDATA[getCosto
]]></system-out>
  </testcase>
  <testcase name="testToString" classname="com.mycompany.coche2.TelegramaTest" time="0.005">
    <error message="Cannot invoke &quot;com.mycompany.coche2.Telegrama.toString()&quot; because &quot;instance&quot; is null" type="java.lang.NullPointerException">java.lang.NullPointerException: Cannot invoke "com.mycompany.coche2.Telegrama.toString()" because "instance" is null
	at com.mycompany.coche2.TelegramaTest.testToString(TelegramaTest.java:127)
</error>
    <system-out><![CDATA[toString
]]></system-out>
  </testcase>
  <testcase name="testSetTipoTelegrama" classname="com.mycompany.coche2.TelegramaTest" time="0">
    <error message="Cannot invoke &quot;com.mycompany.coche2.Telegrama.setTipoTelegrama(String)&quot; because &quot;instance&quot; is null" type="java.lang.NullPointerException">java.lang.NullPointerException: Cannot invoke "com.mycompany.coche2.Telegrama.setTipoTelegrama(String)" because "instance" is null
	at com.mycompany.coche2.TelegramaTest.testSetTipoTelegrama(TelegramaTest.java:88)
</error>
    <system-out><![CDATA[setTipoTelegrama
]]></system-out>
  </testcase>
  <testcase name="testSetNumPalabras" classname="com.mycompany.coche2.TelegramaTest" time="0.002">
    <error message="Cannot invoke &quot;com.mycompany.coche2.Telegrama.setNumPalabras(int)&quot; because &quot;instance&quot; is null" type="java.lang.NullPointerException">java.lang.NullPointerException: Cannot invoke "com.mycompany.coche2.Telegrama.setNumPalabras(int)" because "instance" is null
	at com.mycompany.coche2.TelegramaTest.testSetNumPalabras(TelegramaTest.java:61)
</error>
    <system-out><![CDATA[setNumPalabras
]]></system-out>
  </testcase>
  <testcase name="testGetTipoTelegrama" classname="com.mycompany.coche2.TelegramaTest" time="0.006">
    <error message="Cannot invoke &quot;com.mycompany.coche2.Telegrama.getTipoTelegrama()&quot; because &quot;instance&quot; is null" type="java.lang.NullPointerException">java.lang.NullPointerException: Cannot invoke "com.mycompany.coche2.Telegrama.getTipoTelegrama()" because "instance" is null
	at com.mycompany.coche2.TelegramaTest.testGetTipoTelegrama(TelegramaTest.java:74)
</error>
    <system-out><![CDATA[getTipoTelegrama
]]></system-out>
  </testcase>
  <testcase name="testCalculaCosto" classname="com.mycompany.coche2.TelegramaTest" time="0.004">
    <error message="Cannot invoke &quot;com.mycompany.coche2.Telegrama.calculaCosto()&quot; because &quot;instance&quot; is null" type="java.lang.NullPointerException">java.lang.NullPointerException: Cannot invoke "com.mycompany.coche2.Telegrama.calculaCosto()" because "instance" is null
	at com.mycompany.coche2.TelegramaTest.testCalculaCosto(TelegramaTest.java:114)
</error>
    <system-out><![CDATA[calculaCosto
]]></system-out>
  </testcase>
</testsuite>