<?xml version="1.0" encoding="UTF-8"?>
<testsuite xmlns:xsi="http://www.w3.org/2001/XMLSchema-instance" xsi:noNamespaceSchemaLocation="https://maven.apache.org/surefire/maven-surefire-plugin/xsd/surefire-test-report.xsd" name="com.mycompany.coche2.DemoTelegramaTest" time="0.075" tests="1" errors="0" skipped="0" failures="1">
  <properties>
[...]
</properties>
  <testcase name="testMain" classname="com.mycompany.coche2.DemoTelegramaTest" time="0.049">
    <failure message="The test case is a prototype." type="org.opentest4j.AssertionFailedError">org.opentest4j.AssertionFailedError: The test case is a prototype.
	at com.mycompany.coche2.DemoTelegramaTest.testMain(DemoTelegramaTest.java:48)
</failure>
    <system-out><![CDATA[main
Ordinario, 8, 25.0
Ordinario, 12, 30.0
Urgente, 8, 40.0
Urgente, 12, 48.0
]]></system-out>
  </testcase>
</testsuite>